<?xml version="1.0" encoding="UTF-8"?>
<!-- Generated by org.testng.reporters.JUnitReportReporter -->
<testsuite hostname="Bibaswan" failures="0" tests="1" name="tests.Tests" time="6.248" errors="0" timestamp="2024-01-13T00:27:09 IST" skipped="0">
  <testcase classname="tests.Tests" name="secondTest" time="6.248"/>
  <system-out/>
</testsuite> <!-- tests.Tests -->
